2025-04-30 09:06:15,565 INFO: Epoch 1/80
2025-04-30 09:12:10,373 INFO: Epoch 1/80
2025-04-30 09:12:50,251 INFO: Epoch 1/80
2025-04-30 09:17:38,949 INFO: Training Loss: 0.4868
2025-04-30 09:18:17,565 INFO: Validation Loss: 0.3902 - mIoU: 0.2100
2025-04-30 09:18:17,567 INFO: Epoch 1 completed in 327.32 seconds
2025-04-30 09:18:17,676 INFO: Saved Best Model
2025-04-30 09:18:17,676 INFO: Epoch 2/80
2025-04-30 09:23:06,755 INFO: Training Loss: 0.3909
2025-04-30 09:23:45,031 INFO: Validation Loss: 0.3982 - mIoU: 0.2156
2025-04-30 09:23:45,036 INFO: Epoch 2 completed in 327.36 seconds
2025-04-30 09:23:45,036 INFO: Epoch 3/80
2025-04-30 09:28:34,265 INFO: Training Loss: 0.3637
2025-04-30 09:29:13,043 INFO: Validation Loss: 0.3549 - mIoU: 0.2211
2025-04-30 09:29:13,045 INFO: Epoch 3 completed in 328.01 seconds
2025-04-30 09:29:13,122 INFO: Saved Best Model
2025-04-30 09:29:13,122 INFO: Epoch 4/80
2025-04-30 09:34:06,807 INFO: Training Loss: 0.3468
2025-04-30 09:34:45,185 INFO: Validation Loss: 0.3327 - mIoU: 0.2267
2025-04-30 09:34:45,189 INFO: Epoch 4 completed in 332.07 seconds
2025-04-30 09:34:45,278 INFO: Saved Best Model
2025-04-30 09:34:45,278 INFO: Epoch 5/80
2025-04-30 09:39:44,122 INFO: Training Loss: 0.3368
2025-04-30 09:40:23,105 INFO: Validation Loss: 0.3218 - mIoU: 0.2323
2025-04-30 09:40:23,111 INFO: Epoch 5 completed in 337.83 seconds
2025-04-30 09:40:23,197 INFO: Saved Best Model
2025-04-30 09:40:23,197 INFO: Epoch 6/80
2025-04-30 09:45:17,602 INFO: Training Loss: 0.3284
2025-04-30 09:45:55,883 INFO: Validation Loss: 0.3331 - mIoU: 0.2378
2025-04-30 09:45:55,888 INFO: Epoch 6 completed in 332.69 seconds
2025-04-30 09:45:55,888 INFO: Epoch 7/80
2025-04-30 09:50:49,988 INFO: Training Loss: 0.3224
2025-04-30 09:51:28,882 INFO: Validation Loss: 0.3190 - mIoU: 0.2434
2025-04-30 09:51:28,885 INFO: Epoch 7 completed in 333.00 seconds
2025-04-30 09:51:28,967 INFO: Saved Best Model
2025-04-30 09:51:28,967 INFO: Epoch 8/80
2025-04-30 09:56:22,624 INFO: Training Loss: 0.3151
2025-04-30 09:57:00,946 INFO: Validation Loss: 0.3101 - mIoU: 0.2490
2025-04-30 09:57:00,951 INFO: Epoch 8 completed in 331.98 seconds
2025-04-30 09:57:01,039 INFO: Saved Best Model
2025-04-30 09:57:01,039 INFO: Epoch 9/80
2025-04-30 10:01:55,956 INFO: Training Loss: 0.3085
2025-04-30 10:02:35,104 INFO: Validation Loss: 0.3041 - mIoU: 0.2546
2025-04-30 10:02:35,109 INFO: Epoch 9 completed in 334.07 seconds
2025-04-30 10:02:35,193 INFO: Saved Best Model
2025-04-30 10:02:35,193 INFO: Epoch 10/80
2025-04-30 10:07:30,674 INFO: Training Loss: 0.3029
2025-04-30 10:08:08,954 INFO: Validation Loss: 0.3033 - mIoU: 0.2601
2025-04-30 10:08:08,958 INFO: Epoch 10 completed in 333.77 seconds
2025-04-30 10:08:09,046 INFO: Saved Best Model
2025-04-30 10:08:09,046 INFO: Epoch 11/80
2025-04-30 10:13:03,353 INFO: Training Loss: 0.3009
2025-04-30 10:13:41,663 INFO: Validation Loss: 0.3003 - mIoU: 0.2657
2025-04-30 10:13:41,665 INFO: Epoch 11 completed in 332.62 seconds
2025-04-30 10:13:41,754 INFO: Saved Best Model
2025-04-30 10:13:41,754 INFO: Epoch 12/80
2025-04-30 10:18:36,053 INFO: Training Loss: 0.2980
2025-04-30 10:19:14,599 INFO: Validation Loss: 0.2951 - mIoU: 0.2713
2025-04-30 10:19:14,603 INFO: Epoch 12 completed in 332.85 seconds
2025-04-30 10:19:14,691 INFO: Saved Best Model
2025-04-30 10:19:14,691 INFO: Epoch 13/80
2025-04-30 10:24:10,999 INFO: Training Loss: 0.2935
2025-04-30 10:24:49,526 INFO: Validation Loss: 0.3027 - mIoU: 0.2768
2025-04-30 10:24:49,530 INFO: Epoch 13 completed in 334.84 seconds
2025-04-30 10:24:49,531 INFO: Epoch 14/80
2025-04-30 10:29:46,608 INFO: Training Loss: 0.2901
2025-04-30 10:30:25,687 INFO: Validation Loss: 0.2910 - mIoU: 0.2824
2025-04-30 10:30:25,691 INFO: Epoch 14 completed in 336.16 seconds
2025-04-30 10:30:25,782 INFO: Saved Best Model
2025-04-30 10:30:25,782 INFO: Epoch 15/80
2025-04-30 10:35:22,013 INFO: Training Loss: 0.2888
2025-04-30 10:36:00,458 INFO: Validation Loss: 0.2854 - mIoU: 0.2880
2025-04-30 10:36:00,464 INFO: Epoch 15 completed in 334.68 seconds
2025-04-30 10:36:00,548 INFO: Saved Best Model
2025-04-30 10:36:00,548 INFO: Epoch 16/80
2025-04-30 10:40:55,913 INFO: Training Loss: 0.2855
2025-04-30 10:41:35,240 INFO: Validation Loss: 0.2816 - mIoU: 0.2935
2025-04-30 10:41:35,246 INFO: Epoch 16 completed in 334.70 seconds
2025-04-30 10:41:35,332 INFO: Saved Best Model
2025-04-30 10:41:35,333 INFO: Epoch 17/80
2025-04-30 10:46:31,730 INFO: Training Loss: 0.2837
2025-04-30 10:47:10,089 INFO: Validation Loss: 0.2877 - mIoU: 0.2991
2025-04-30 10:47:10,092 INFO: Epoch 17 completed in 334.76 seconds
2025-04-30 10:47:10,092 INFO: Epoch 18/80
2025-04-30 10:52:07,979 INFO: Training Loss: 0.2819
2025-04-30 10:52:46,485 INFO: Validation Loss: 0.2808 - mIoU: 0.3047
2025-04-30 10:52:46,489 INFO: Epoch 18 completed in 336.40 seconds
2025-04-30 10:52:46,759 INFO: Saved Best Model
2025-04-30 10:52:46,759 INFO: Epoch 19/80
2025-04-30 10:57:44,962 INFO: Training Loss: 0.2787
2025-04-30 10:58:23,810 INFO: Validation Loss: 0.2853 - mIoU: 0.3103
2025-04-30 10:58:23,816 INFO: Epoch 19 completed in 337.06 seconds
2025-04-30 10:58:23,817 INFO: Epoch 20/80
2025-04-30 11:03:22,205 INFO: Training Loss: 0.2777
2025-04-30 11:04:00,934 INFO: Validation Loss: 0.2764 - mIoU: 0.3158
2025-04-30 11:04:00,940 INFO: Epoch 20 completed in 337.12 seconds
2025-04-30 11:04:01,034 INFO: Saved Best Model
2025-04-30 11:04:01,034 INFO: Epoch 21/80
2025-04-30 11:08:57,088 INFO: Training Loss: 0.2768
2025-04-30 11:09:35,687 INFO: Validation Loss: 0.2745 - mIoU: 0.3214
2025-04-30 11:09:35,693 INFO: Epoch 21 completed in 334.66 seconds
2025-04-30 11:09:35,779 INFO: Saved Best Model
2025-04-30 11:09:35,779 INFO: Epoch 22/80
2025-04-30 11:14:25,476 INFO: Training Loss: 0.2737
2025-04-30 11:15:03,934 INFO: Validation Loss: 0.2755 - mIoU: 0.3270
2025-04-30 11:15:03,939 INFO: Epoch 22 completed in 328.16 seconds
2025-04-30 11:15:04,015 INFO: Saved Best Model
2025-04-30 11:15:04,015 INFO: Epoch 23/80
2025-04-30 11:19:54,552 INFO: Training Loss: 0.2717
2025-04-30 11:20:33,172 INFO: Validation Loss: 0.2766 - mIoU: 0.3325
2025-04-30 11:20:33,180 INFO: Epoch 23 completed in 329.16 seconds
2025-04-30 11:20:33,180 INFO: Epoch 24/80
2025-04-30 11:25:23,752 INFO: Training Loss: 0.2698
2025-04-30 11:26:01,947 INFO: Validation Loss: 0.2805 - mIoU: 0.3381
2025-04-30 11:26:01,952 INFO: Epoch 24 completed in 328.77 seconds
2025-04-30 11:26:01,952 INFO: Epoch 25/80
2025-04-30 11:30:51,143 INFO: Training Loss: 0.2677
2025-04-30 11:31:29,695 INFO: Validation Loss: 0.2723 - mIoU: 0.3437
2025-04-30 11:31:29,703 INFO: Epoch 25 completed in 327.75 seconds
2025-04-30 11:31:29,803 INFO: Saved Best Model
2025-04-30 11:31:29,803 INFO: Epoch 26/80
2025-04-30 11:36:20,081 INFO: Training Loss: 0.2668
2025-04-30 11:36:58,387 INFO: Validation Loss: 0.2765 - mIoU: 0.3492
2025-04-30 11:36:58,392 INFO: Epoch 26 completed in 328.59 seconds
2025-04-30 11:36:58,393 INFO: Epoch 27/80
2025-04-30 11:41:49,156 INFO: Training Loss: 0.2667
2025-04-30 11:42:27,852 INFO: Validation Loss: 0.2664 - mIoU: 0.3548
2025-04-30 11:42:27,862 INFO: Epoch 27 completed in 329.47 seconds
2025-04-30 11:42:27,953 INFO: Saved Best Model
2025-04-30 11:42:27,953 INFO: Epoch 28/80
2025-04-30 11:47:18,782 INFO: Training Loss: 0.2640
2025-04-30 11:47:56,906 INFO: Validation Loss: 0.2659 - mIoU: 0.3604
2025-04-30 11:47:56,911 INFO: Epoch 28 completed in 328.96 seconds
2025-04-30 11:47:56,995 INFO: Saved Best Model
2025-04-30 11:47:56,995 INFO: Epoch 29/80
2025-04-30 11:52:49,305 INFO: Training Loss: 0.2627
2025-04-30 11:53:28,178 INFO: Validation Loss: 0.2677 - mIoU: 0.3659
2025-04-30 11:53:28,183 INFO: Epoch 29 completed in 331.19 seconds
2025-04-30 11:53:28,184 INFO: Epoch 30/80
2025-04-30 11:58:21,751 INFO: Training Loss: 0.2603
2025-04-30 11:59:00,103 INFO: Validation Loss: 0.2650 - mIoU: 0.3715
2025-04-30 11:59:00,110 INFO: Epoch 30 completed in 331.93 seconds
2025-04-30 11:59:00,230 INFO: Saved Best Model
2025-04-30 11:59:00,230 INFO: Epoch 31/80
2025-04-30 12:03:54,324 INFO: Training Loss: 0.2597
2025-04-30 12:04:33,012 INFO: Validation Loss: 0.2691 - mIoU: 0.3771
2025-04-30 12:04:33,020 INFO: Epoch 31 completed in 332.79 seconds
2025-04-30 12:04:33,021 INFO: Epoch 32/80
2025-04-30 12:09:25,540 INFO: Training Loss: 0.2590
2025-04-30 12:10:03,815 INFO: Validation Loss: 0.2633 - mIoU: 0.3827
2025-04-30 12:10:03,822 INFO: Epoch 32 completed in 330.80 seconds
2025-04-30 12:10:03,957 INFO: Saved Best Model
2025-04-30 12:10:03,957 INFO: Epoch 33/80
2025-04-30 12:14:57,097 INFO: Training Loss: 0.2578
2025-04-30 12:15:36,666 INFO: Validation Loss: 0.2677 - mIoU: 0.3882
2025-04-30 12:15:36,672 INFO: Epoch 33 completed in 332.71 seconds
2025-04-30 12:15:36,672 INFO: Epoch 34/80
2025-04-30 12:20:30,029 INFO: Training Loss: 0.2565
2025-04-30 12:21:08,412 INFO: Validation Loss: 0.2677 - mIoU: 0.3938
2025-04-30 12:21:08,419 INFO: Epoch 34 completed in 331.75 seconds
2025-04-30 12:21:08,420 INFO: Epoch 35/80
2025-04-30 12:26:03,874 INFO: Training Loss: 0.2554
2025-04-30 12:26:42,619 INFO: Validation Loss: 0.2641 - mIoU: 0.3994
2025-04-30 12:26:42,627 INFO: Epoch 35 completed in 334.21 seconds
2025-04-30 12:26:42,627 INFO: Epoch 36/80
2025-04-30 12:31:36,206 INFO: Training Loss: 0.2532
2025-04-30 12:32:14,502 INFO: Validation Loss: 0.2653 - mIoU: 0.4049
2025-04-30 12:32:14,506 INFO: Epoch 36 completed in 331.88 seconds
2025-04-30 12:32:14,506 INFO: Epoch 37/80
2025-04-30 12:37:07,736 INFO: Training Loss: 0.2530
2025-04-30 12:37:46,338 INFO: Validation Loss: 0.2622 - mIoU: 0.4105
2025-04-30 12:37:46,343 INFO: Epoch 37 completed in 331.84 seconds
2025-04-30 12:37:46,343 INFO: Epoch 38/80
2025-04-30 12:42:40,454 INFO: Training Loss: 0.2501
2025-04-30 12:43:19,168 INFO: Validation Loss: 0.2582 - mIoU: 0.4161
2025-04-30 12:43:19,174 INFO: Epoch 38 completed in 332.83 seconds
2025-04-30 12:43:19,278 INFO: Saved Best Model
2025-04-30 12:43:19,278 INFO: Epoch 39/80
2025-04-30 12:48:15,325 INFO: Training Loss: 0.2451
2025-04-30 12:48:53,620 INFO: Validation Loss: 0.2502 - mIoU: 0.4216
2025-04-30 12:48:53,629 INFO: Epoch 39 completed in 334.35 seconds
2025-04-30 12:48:53,718 INFO: Saved Best Model
2025-04-30 12:48:53,718 INFO: Epoch 40/80
2025-04-30 12:53:49,151 INFO: Training Loss: 0.2423
2025-04-30 12:54:28,290 INFO: Validation Loss: 0.2495 - mIoU: 0.4272
2025-04-30 12:54:28,298 INFO: Epoch 40 completed in 334.58 seconds
2025-04-30 12:54:28,298 INFO: Epoch 41/80
2025-04-30 12:59:20,960 INFO: Training Loss: 0.2292
2025-04-30 12:59:59,710 INFO: Validation Loss: 0.2375 - mIoU: 0.4328
2025-04-30 12:59:59,718 INFO: Epoch 41 completed in 331.42 seconds
2025-04-30 12:59:59,718 INFO: Epoch 42/80
2025-04-30 13:04:51,228 INFO: Training Loss: 0.2233
2025-04-30 13:05:29,762 INFO: Validation Loss: 0.2345 - mIoU: 0.4384
2025-04-30 13:05:29,770 INFO: Epoch 42 completed in 330.05 seconds
2025-04-30 13:05:29,770 INFO: Epoch 43/80
2025-04-30 13:10:19,765 INFO: Training Loss: 0.2214
2025-04-30 13:10:58,776 INFO: Validation Loss: 0.2317 - mIoU: 0.4439
2025-04-30 13:10:58,781 INFO: Epoch 43 completed in 329.01 seconds
2025-04-30 13:10:58,867 INFO: Saved Best Model
2025-04-30 13:10:58,867 INFO: Epoch 44/80
2025-04-30 13:15:51,722 INFO: Training Loss: 0.2193
2025-04-30 13:16:30,237 INFO: Validation Loss: 0.2346 - mIoU: 0.4495
2025-04-30 13:16:30,247 INFO: Epoch 44 completed in 331.38 seconds
2025-04-30 13:16:30,247 INFO: Epoch 45/80
2025-04-30 13:21:19,160 INFO: Training Loss: 0.2190
2025-04-30 13:21:57,567 INFO: Validation Loss: 0.2341 - mIoU: 0.4551
2025-04-30 13:21:57,571 INFO: Epoch 45 completed in 327.32 seconds
2025-04-30 13:21:57,571 INFO: Epoch 46/80
2025-04-30 13:26:49,133 INFO: Training Loss: 0.2172
2025-04-30 13:27:27,822 INFO: Validation Loss: 0.2301 - mIoU: 0.4606
2025-04-30 13:27:27,830 INFO: Epoch 46 completed in 330.26 seconds
2025-04-30 13:27:27,908 INFO: Saved Best Model
2025-04-30 13:27:27,909 INFO: Epoch 47/80
2025-04-30 13:32:18,511 INFO: Training Loss: 0.2157
2025-04-30 13:32:57,201 INFO: Validation Loss: 0.2306 - mIoU: 0.4662
2025-04-30 13:32:57,207 INFO: Epoch 47 completed in 329.30 seconds
2025-04-30 13:32:57,207 INFO: Epoch 48/80
2025-04-30 13:37:53,212 INFO: Training Loss: 0.2144
2025-04-30 13:38:32,573 INFO: Validation Loss: 0.2318 - mIoU: 0.4718
2025-04-30 13:38:32,580 INFO: Epoch 48 completed in 335.37 seconds
2025-04-30 13:38:32,580 INFO: Epoch 49/80
2025-04-30 13:43:24,765 INFO: Training Loss: 0.2136
2025-04-30 13:44:03,267 INFO: Validation Loss: 0.2292 - mIoU: 0.4773
2025-04-30 13:44:03,274 INFO: Epoch 49 completed in 330.69 seconds
2025-04-30 13:44:03,275 INFO: Epoch 50/80
2025-04-30 13:48:54,693 INFO: Training Loss: 0.2130
2025-04-30 13:49:33,272 INFO: Validation Loss: 0.2310 - mIoU: 0.4829
2025-04-30 13:49:33,278 INFO: Epoch 50 completed in 330.00 seconds
2025-04-30 13:49:33,278 INFO: Epoch 51/80
2025-04-30 13:54:23,921 INFO: Training Loss: 0.2115
2025-04-30 13:55:02,279 INFO: Validation Loss: 0.2291 - mIoU: 0.4885
2025-04-30 13:55:02,285 INFO: Epoch 51 completed in 329.01 seconds
2025-04-30 13:55:02,391 INFO: Saved Best Model
2025-04-30 13:55:02,391 INFO: Epoch 52/80
2025-04-30 13:59:50,921 INFO: Training Loss: 0.2101
2025-04-30 14:00:29,245 INFO: Validation Loss: 0.2308 - mIoU: 0.4941
2025-04-30 14:00:29,252 INFO: Epoch 52 completed in 326.86 seconds
2025-04-30 14:00:29,252 INFO: Epoch 53/80
2025-04-30 14:05:17,377 INFO: Training Loss: 0.2090
2025-04-30 14:05:55,704 INFO: Validation Loss: 0.2287 - mIoU: 0.4996
2025-04-30 14:05:55,712 INFO: Epoch 53 completed in 326.46 seconds
2025-04-30 14:05:55,839 INFO: Saved Best Model
2025-04-30 14:05:55,839 INFO: Epoch 54/80
2025-04-30 14:10:44,563 INFO: Training Loss: 0.2071
2025-04-30 14:11:22,962 INFO: Validation Loss: 0.2278 - mIoU: 0.5052
2025-04-30 14:11:22,969 INFO: Epoch 54 completed in 327.13 seconds
2025-04-30 14:11:22,969 INFO: Epoch 55/80
2025-04-30 14:16:11,352 INFO: Training Loss: 0.2051
2025-04-30 14:16:50,128 INFO: Validation Loss: 0.2283 - mIoU: 0.5108
2025-04-30 14:16:50,133 INFO: Epoch 55 completed in 327.16 seconds
2025-04-30 14:16:50,134 INFO: Epoch 56/80
2025-04-30 14:21:40,263 INFO: Training Loss: 0.2043
2025-04-30 14:22:18,692 INFO: Validation Loss: 0.2262 - mIoU: 0.5163
2025-04-30 14:22:18,698 INFO: Epoch 56 completed in 328.56 seconds
2025-04-30 14:22:18,699 INFO: Epoch 57/80
2025-04-30 14:27:07,535 INFO: Training Loss: 0.2030
2025-04-30 14:27:45,859 INFO: Validation Loss: 0.2258 - mIoU: 0.5219
2025-04-30 14:27:45,872 INFO: Epoch 57 completed in 327.17 seconds
2025-04-30 14:27:45,966 INFO: Saved Best Model
2025-04-30 14:27:45,967 INFO: Epoch 58/80
2025-04-30 14:32:35,046 INFO: Training Loss: 0.2016
2025-04-30 14:33:13,159 INFO: Validation Loss: 0.2259 - mIoU: 0.5275
2025-04-30 14:33:13,165 INFO: Epoch 58 completed in 327.20 seconds
2025-04-30 14:33:13,165 INFO: Epoch 59/80
2025-04-30 14:38:01,954 INFO: Training Loss: 0.2013
2025-04-30 14:38:40,463 INFO: Validation Loss: 0.2251 - mIoU: 0.5330
2025-04-30 14:38:40,471 INFO: Epoch 59 completed in 327.31 seconds
2025-04-30 14:38:40,570 INFO: Saved Best Model
2025-04-30 14:38:40,570 INFO: Epoch 60/80
2025-04-30 14:43:28,929 INFO: Training Loss: 0.2002
2025-04-30 14:44:07,236 INFO: Validation Loss: 0.2257 - mIoU: 0.5386
2025-04-30 14:44:07,243 INFO: Epoch 60 completed in 326.67 seconds
2025-04-30 14:44:07,346 INFO: Saved Best Model
2025-04-30 14:44:07,346 INFO: Epoch 61/80
2025-04-30 14:48:56,574 INFO: Training Loss: 0.2000
2025-04-30 14:49:35,837 INFO: Validation Loss: 0.2238 - mIoU: 0.5442
2025-04-30 14:49:35,845 INFO: Epoch 61 completed in 328.50 seconds
2025-04-30 14:49:35,845 INFO: Epoch 62/80
2025-04-30 14:54:24,173 INFO: Training Loss: 0.1979
2025-04-30 14:55:02,671 INFO: Validation Loss: 0.2263 - mIoU: 0.5497
2025-04-30 14:55:02,686 INFO: Epoch 62 completed in 326.84 seconds
2025-04-30 14:55:02,686 INFO: Epoch 63/80
2025-04-30 14:59:51,819 INFO: Training Loss: 0.1982
2025-04-30 15:00:30,422 INFO: Validation Loss: 0.2237 - mIoU: 0.5553
2025-04-30 15:00:30,427 INFO: Epoch 63 completed in 327.74 seconds
2025-04-30 15:00:30,428 INFO: Epoch 64/80
2025-04-30 15:05:19,150 INFO: Training Loss: 0.1967
2025-04-30 15:05:57,631 INFO: Validation Loss: 0.2242 - mIoU: 0.5609
2025-04-30 15:05:57,638 INFO: Epoch 64 completed in 327.21 seconds
2025-04-30 15:05:57,639 INFO: Epoch 65/80
2025-04-30 15:10:46,852 INFO: Training Loss: 0.1962
2025-04-30 15:11:25,321 INFO: Validation Loss: 0.2250 - mIoU: 0.5665
2025-04-30 15:11:25,329 INFO: Epoch 65 completed in 327.69 seconds
2025-04-30 15:11:25,330 INFO: Epoch 66/80
2025-04-30 15:16:14,454 INFO: Training Loss: 0.1955
2025-04-30 15:16:53,246 INFO: Validation Loss: 0.2229 - mIoU: 0.5720
2025-04-30 15:16:53,252 INFO: Epoch 66 completed in 327.92 seconds
2025-04-30 15:16:53,336 INFO: Saved Best Model
2025-04-30 15:16:53,336 INFO: Epoch 67/80
2025-04-30 15:21:41,750 INFO: Training Loss: 0.1941
2025-04-30 15:22:20,233 INFO: Validation Loss: 0.2218 - mIoU: 0.5776
2025-04-30 15:22:20,241 INFO: Epoch 67 completed in 326.90 seconds
2025-04-30 15:22:20,241 INFO: Epoch 68/80
2025-04-30 15:27:08,931 INFO: Training Loss: 0.1942
2025-04-30 15:27:47,785 INFO: Validation Loss: 0.2217 - mIoU: 0.5832
2025-04-30 15:27:47,791 INFO: Epoch 68 completed in 327.55 seconds
2025-04-30 15:27:47,861 INFO: Saved Best Model
2025-04-30 15:27:47,861 INFO: Epoch 69/80
2025-04-30 15:32:36,550 INFO: Training Loss: 0.1934
2025-04-30 15:33:15,019 INFO: Validation Loss: 0.2206 - mIoU: 0.5887
2025-04-30 15:33:15,030 INFO: Epoch 69 completed in 327.17 seconds
2025-04-30 15:33:15,130 INFO: Saved Best Model
2025-04-30 15:33:15,130 INFO: Epoch 70/80
2025-04-30 15:38:05,368 INFO: Training Loss: 0.1923
2025-04-30 15:38:44,356 INFO: Validation Loss: 0.2216 - mIoU: 0.5943
2025-04-30 15:38:44,361 INFO: Epoch 70 completed in 329.23 seconds
2025-04-30 15:38:44,362 INFO: Epoch 71/80
2025-04-30 15:43:33,720 INFO: Training Loss: 0.1910
2025-04-30 15:44:12,232 INFO: Validation Loss: 0.2206 - mIoU: 0.5999
2025-04-30 15:44:12,241 INFO: Epoch 71 completed in 327.88 seconds
2025-04-30 15:44:12,241 INFO: Epoch 72/80
2025-04-30 15:49:02,686 INFO: Training Loss: 0.1896
2025-04-30 15:49:41,045 INFO: Validation Loss: 0.2195 - mIoU: 0.6054
2025-04-30 15:49:41,053 INFO: Epoch 72 completed in 328.81 seconds
2025-04-30 15:49:41,053 INFO: Epoch 73/80
2025-04-30 15:54:29,714 INFO: Training Loss: 0.1892
2025-04-30 15:55:08,115 INFO: Validation Loss: 0.2190 - mIoU: 0.6110
2025-04-30 15:55:08,123 INFO: Epoch 73 completed in 327.07 seconds
2025-04-30 15:55:08,123 INFO: Epoch 74/80
2025-04-30 15:59:58,823 INFO: Training Loss: 0.1885
2025-04-30 16:00:37,379 INFO: Validation Loss: 0.2190 - mIoU: 0.6166
2025-04-30 16:00:37,383 INFO: Epoch 74 completed in 329.26 seconds
2025-04-30 16:00:37,384 INFO: Epoch 75/80
2025-04-30 16:05:26,133 INFO: Training Loss: 0.1884
2025-04-30 16:06:04,471 INFO: Validation Loss: 0.2187 - mIoU: 0.6222
2025-04-30 16:06:04,480 INFO: Epoch 75 completed in 327.10 seconds
2025-04-30 16:06:04,480 INFO: Epoch 76/80
2025-04-30 16:10:54,161 INFO: Training Loss: 0.1872
2025-04-30 16:11:32,655 INFO: Validation Loss: 0.2183 - mIoU: 0.6277
2025-04-30 16:11:32,660 INFO: Epoch 76 completed in 328.18 seconds
2025-04-30 16:11:32,660 INFO: Epoch 77/80
2025-04-30 16:16:22,829 INFO: Training Loss: 0.1871
2025-04-30 16:17:01,116 INFO: Validation Loss: 0.2176 - mIoU: 0.6333
2025-04-30 16:17:01,123 INFO: Epoch 77 completed in 328.46 seconds
2025-04-30 16:17:01,123 INFO: Epoch 78/80
2025-04-30 16:21:51,020 INFO: Training Loss: 0.1874
2025-04-30 16:22:29,387 INFO: Validation Loss: 0.2173 - mIoU: 0.6389
2025-04-30 16:22:29,395 INFO: Epoch 78 completed in 328.27 seconds
2025-04-30 16:22:29,395 INFO: Epoch 79/80
2025-04-30 16:27:19,781 INFO: Training Loss: 0.1869
2025-04-30 16:27:59,505 INFO: Validation Loss: 0.2192 - mIoU: 0.6444
2025-04-30 16:27:59,514 INFO: Epoch 79 completed in 330.12 seconds
2025-04-30 16:27:59,515 INFO: Epoch 80/80
2025-04-30 16:33:01,231 INFO: Training Loss: 0.1866
2025-04-30 16:34:15,104 INFO: Validation Loss: 0.2178 - mIoU: 0.6500
2025-04-30 16:34:15,112 INFO: Epoch 80 completed in 375.60 seconds
